<?xml version="1.0" encoding="UTF-8"?>
<!-- Generated by org.testng.reporters.JUnitReportReporter -->
<testsuite hostname="LTIN521812" failures="0" tests="12" name="testCases.BookshelvesPriceFilterTest" time="12.624" errors="0" timestamp="2025-01-16T16:26:01 IST" skipped="0">
  <testcase classname="testCases.BookshelvesPriceFilterTest" name="bookShelvesSubmenuPresence" time="0.617"/>
  <system-out/>
  <testcase classname="testCases.BookshelvesPriceFilterTest" name="bookShelvesClick" time="2.315"/>
  <system-out/>
  <testcase classname="testCases.BookshelvesPriceFilterTest" name="checkBookshelvesPageTitle" time="0.265"/>
  <system-out/>
  <testcase classname="testCases.BookshelvesPriceFilterTest" name="checkFilters" time="3.308"/>
  <system-out/>
  <testcase classname="testCases.BookshelvesPriceFilterTest" name="checkPriceTagSlider" time="0.032"/>
  <system-out/>
  <testcase classname="testCases.BookshelvesPriceFilterTest" name="testPriceTagSliderWithValue" time="0.948"/>
  <system-out/>
  <testcase classname="testCases.BookshelvesPriceFilterTest" name="checkStorageTypeTag" time="0.934"/>
  <system-out/>
  <testcase classname="testCases.BookshelvesPriceFilterTest" name="testStorageTypeTagWithValue" time="0.661"/>
  <system-out/>
  <testcase classname="testCases.BookshelvesPriceFilterTest" name="testExcludeOutOfStock" time="0.559"/>
  <system-out/>
  <testcase classname="testCases.BookshelvesPriceFilterTest" name="testSortBy" time="0.040"/>
  <system-out/>
  <testcase classname="testCases.BookshelvesPriceFilterTest" name="testPresenceOfBookshelves" time="1.411"/>
  <system-out/>
  <testcase classname="testCases.BookshelvesPriceFilterTest" name="testUrlAfterBack" time="1.534"/>
  <system-out/>
</testsuite> <!-- testCases.BookshelvesPriceFilterTest -->
