<?xml version="1.0" encoding="UTF-8"?>
<!-- Generated by org.testng.reporters.JUnitReportReporter -->
<testsuite hostname="LTIN521812" failures="0" tests="3" name="testCases.ULServicesFormTest" time="11.286" errors="0" timestamp="2025-01-16T10:50:55 IST" skipped="0">
  <testcase classname="testCases.ULServicesFormTest" name="checkULPageTitle" time="2.566"/>
  <system-out/>
  <testcase classname="testCases.ULServicesFormTest" name="FillULInvalidData" time="0.858"/>
  <system-out/>
  <testcase classname="testCases.ULServicesFormTest" name="FillULValidData" time="7.862"/>
  <system-out/>
</testsuite> <!-- testCases.ULServicesFormTest -->
