<?xml version="1.0" encoding="UTF-8"?>
<!-- Generated by org.testng.reporters.JUnitReportReporter -->
<testsuite hostname="LTIN521812" failures="0" tests="4" name="testCases.SmokeTest" time="0.196" errors="0" timestamp="2025-01-16T10:50:55 IST" skipped="0">
  <testcase classname="testCases.SmokeTest" name="testValidUrl" time="0.039"/>
  <system-out/>
  <testcase classname="testCases.SmokeTest" name="testFieldPresence" time="0.062"/>
  <system-out/>
  <testcase classname="testCases.SmokeTest" name="testFieldOasisPresence" time="0.047"/>
  <system-out/>
  <testcase classname="testCases.SmokeTest" name="testULServicesPresence" time="0.048"/>
  <system-out/>
</testsuite> <!-- testCases.SmokeTest -->
