<?xml version="1.0" encoding="UTF-8"?>
<!-- Generated by org.testng.reporters.JUnitReportReporter -->
<testsuite hostname="LTIN521812" failures="0" tests="12" name="testCases.BookshelvesPriceFilterTest" time="13.501" errors="0" timestamp="2025-01-16T10:50:55 IST" skipped="0">
  <testcase classname="testCases.BookshelvesPriceFilterTest" name="bookShelvesSubmenuPresence" time="0.395"/>
  <system-out/>
  <testcase classname="testCases.BookshelvesPriceFilterTest" name="bookShelvesClick" time="2.520"/>
  <system-out/>
  <testcase classname="testCases.BookshelvesPriceFilterTest" name="checkBookshelvesPageTitle" time="0.217"/>
  <system-out/>
  <testcase classname="testCases.BookshelvesPriceFilterTest" name="checkFilters" time="3.261"/>
  <system-out/>
  <testcase classname="testCases.BookshelvesPriceFilterTest" name="checkPriceTagSlider" time="0.031"/>
  <system-out/>
  <testcase classname="testCases.BookshelvesPriceFilterTest" name="testPriceTagSliderWithValue" time="0.925"/>
  <system-out/>
  <testcase classname="testCases.BookshelvesPriceFilterTest" name="checkStorageTypeTag" time="1.919"/>
  <system-out/>
  <testcase classname="testCases.BookshelvesPriceFilterTest" name="testStorageTypeTagWithValue" time="0.577"/>
  <system-out/>
  <testcase classname="testCases.BookshelvesPriceFilterTest" name="testExcludeOutOfStock" time="0.482"/>
  <system-out/>
  <testcase classname="testCases.BookshelvesPriceFilterTest" name="testSortBy" time="0.066"/>
  <system-out/>
  <testcase classname="testCases.BookshelvesPriceFilterTest" name="testPresenceOfBookshelves" time="1.380"/>
  <system-out/>
  <testcase classname="testCases.BookshelvesPriceFilterTest" name="testUrlAfterBack" time="1.728"/>
  <system-out/>
</testsuite> <!-- testCases.BookshelvesPriceFilterTest -->
