<?xml version="1.0" encoding="UTF-8"?>
<!-- Generated by org.testng.reporters.JUnitReportReporter -->
<testsuite hostname="LTIN521812" failures="0" tests="12" name="testCases.BookshelvesPriceFilterTest" time="14.244" errors="0" timestamp="2025-01-16T16:29:54 IST" skipped="0">
  <testcase classname="testCases.BookshelvesPriceFilterTest" name="bookShelvesSubmenuPresence" time="0.225"/>
  <system-out/>
  <testcase classname="testCases.BookshelvesPriceFilterTest" name="bookShelvesClick" time="3.260"/>
  <system-out/>
  <testcase classname="testCases.BookshelvesPriceFilterTest" name="checkBookshelvesPageTitle" time="0.240"/>
  <system-out/>
  <testcase classname="testCases.BookshelvesPriceFilterTest" name="checkFilters" time="3.345"/>
  <system-out/>
  <testcase classname="testCases.BookshelvesPriceFilterTest" name="checkPriceTagSlider" time="0.028"/>
  <system-out/>
  <testcase classname="testCases.BookshelvesPriceFilterTest" name="testPriceTagSliderWithValue" time="0.963"/>
  <system-out/>
  <testcase classname="testCases.BookshelvesPriceFilterTest" name="checkStorageTypeTag" time="0.899"/>
  <system-out/>
  <testcase classname="testCases.BookshelvesPriceFilterTest" name="testStorageTypeTagWithValue" time="0.632"/>
  <system-out/>
  <testcase classname="testCases.BookshelvesPriceFilterTest" name="testExcludeOutOfStock" time="1.620"/>
  <system-out/>
  <testcase classname="testCases.BookshelvesPriceFilterTest" name="testSortBy" time="0.041"/>
  <system-out/>
  <testcase classname="testCases.BookshelvesPriceFilterTest" name="testPresenceOfBookshelves" time="1.317"/>
  <system-out/>
  <testcase classname="testCases.BookshelvesPriceFilterTest" name="testUrlAfterBack" time="1.674"/>
  <system-out/>
</testsuite> <!-- testCases.BookshelvesPriceFilterTest -->
