<?xml version="1.0" encoding="UTF-8"?>
<!-- Generated by org.testng.reporters.JUnitReportReporter -->
<testsuite hostname="LTIN521812" failures="0" tests="12" name="testCases.BookshelvesPriceFilterTest" time="12.845" errors="0" timestamp="2025-01-16T12:24:30 IST" skipped="0">
  <testcase classname="testCases.BookshelvesPriceFilterTest" name="bookShelvesSubmenuPresence" time="0.290"/>
  <system-out/>
  <testcase classname="testCases.BookshelvesPriceFilterTest" name="bookShelvesClick" time="2.678"/>
  <system-out/>
  <testcase classname="testCases.BookshelvesPriceFilterTest" name="checkBookshelvesPageTitle" time="0.215"/>
  <system-out/>
  <testcase classname="testCases.BookshelvesPriceFilterTest" name="checkFilters" time="3.291"/>
  <system-out/>
  <testcase classname="testCases.BookshelvesPriceFilterTest" name="checkPriceTagSlider" time="0.027"/>
  <system-out/>
  <testcase classname="testCases.BookshelvesPriceFilterTest" name="testPriceTagSliderWithValue" time="0.926"/>
  <system-out/>
  <testcase classname="testCases.BookshelvesPriceFilterTest" name="checkStorageTypeTag" time="1.003"/>
  <system-out/>
  <testcase classname="testCases.BookshelvesPriceFilterTest" name="testStorageTypeTagWithValue" time="0.593"/>
  <system-out/>
  <testcase classname="testCases.BookshelvesPriceFilterTest" name="testExcludeOutOfStock" time="0.511"/>
  <system-out/>
  <testcase classname="testCases.BookshelvesPriceFilterTest" name="testSortBy" time="0.115"/>
  <system-out/>
  <testcase classname="testCases.BookshelvesPriceFilterTest" name="testPresenceOfBookshelves" time="1.528"/>
  <system-out/>
  <testcase classname="testCases.BookshelvesPriceFilterTest" name="testUrlAfterBack" time="1.668"/>
  <system-out/>
</testsuite> <!-- testCases.BookshelvesPriceFilterTest -->
