<?xml version="1.0" encoding="UTF-8"?>
<!-- Generated by org.testng.reporters.JUnitReportReporter -->
<testsuite hostname="LTIN521812" failures="0" tests="4" name="testCases.SmokeTest" time="0.245" errors="0" timestamp="2025-01-16T13:47:11 IST" skipped="0">
  <testcase classname="testCases.SmokeTest" name="testValidUrl" time="0.068"/>
  <system-out/>
  <testcase classname="testCases.SmokeTest" name="testFieldPresence" time="0.049"/>
  <system-out/>
  <testcase classname="testCases.SmokeTest" name="testFieldOasisPresence" time="0.049"/>
  <system-out/>
  <testcase classname="testCases.SmokeTest" name="testULServicesPresence" time="0.079"/>
  <system-out/>
</testsuite> <!-- testCases.SmokeTest -->
