<?xml version="1.0" encoding="UTF-8"?>
<!-- Generated by org.testng.reporters.JUnitReportReporter -->
<testsuite hostname="LTIN521812" failures="0" tests="3" name="testCases.ULServicesFormTest" time="10.574" errors="0" timestamp="2025-01-16T16:29:54 IST" skipped="0">
  <testcase classname="testCases.ULServicesFormTest" name="checkULPageTitle" time="2.480"/>
  <system-out/>
  <testcase classname="testCases.ULServicesFormTest" name="FillULInvalidData" time="0.820"/>
  <system-out/>
  <testcase classname="testCases.ULServicesFormTest" name="FillULValidData" time="7.274"/>
  <system-out/>
</testsuite> <!-- testCases.ULServicesFormTest -->
