<?xml version="1.0" encoding="UTF-8"?>
<!-- Generated by org.testng.reporters.JUnitReportReporter -->
<testsuite hostname="LTIN521812" failures="0" tests="4" name="testCases.SmokeTest" time="0.285" errors="0" timestamp="2025-01-16T16:29:54 IST" skipped="0">
  <testcase classname="testCases.SmokeTest" name="testValidUrl" time="0.024"/>
  <system-out/>
  <testcase classname="testCases.SmokeTest" name="testFieldPresence" time="0.073"/>
  <system-out/>
  <testcase classname="testCases.SmokeTest" name="testFieldOasisPresence" time="0.133"/>
  <system-out/>
  <testcase classname="testCases.SmokeTest" name="testULServicesPresence" time="0.055"/>
  <system-out/>
</testsuite> <!-- testCases.SmokeTest -->
