<?xml version="1.0" encoding="UTF-8"?>
<!-- Generated by org.testng.reporters.JUnitReportReporter -->
<testsuite hostname="LTIN521812" failures="0" tests="2" name="testCases.CollectionsSubMenuRetrievalTest" time="0.942" errors="0" timestamp="2025-01-16T13:47:11 IST" skipped="0">
  <testcase classname="testCases.CollectionsSubMenuRetrievalTest" name="dropDownAppearanceValidation" time="0.752"/>
  <system-out/>
  <testcase classname="testCases.CollectionsSubMenuRetrievalTest" name="dropDownSubMenuValidation" time="0.190"/>
  <system-out/>
</testsuite> <!-- testCases.CollectionsSubMenuRetrievalTest -->
