<?xml version="1.0" encoding="UTF-8"?>
<!-- Generated by org.testng.reporters.JUnitReportReporter -->
<testsuite hostname="LTIN521812" failures="0" tests="4" name="testCases.SmokeTest" time="0.115" errors="0" timestamp="2025-01-16T12:24:30 IST" skipped="0">
  <testcase classname="testCases.SmokeTest" name="testValidUrl" time="0.014"/>
  <system-out/>
  <testcase classname="testCases.SmokeTest" name="testFieldPresence" time="0.045"/>
  <system-out/>
  <testcase classname="testCases.SmokeTest" name="testFieldOasisPresence" time="0.027"/>
  <system-out/>
  <testcase classname="testCases.SmokeTest" name="testULServicesPresence" time="0.029"/>
  <system-out/>
</testsuite> <!-- testCases.SmokeTest -->
